INFO  2021-08-03 14:58:16,062 [background-preinit] [Version :: <clinit> :: 21] - HV000001: Hibernate Validator 6.1.7.Final
INFO  2021-08-03 14:58:16,064 [main] [StartupInfoLogger :: logStarting :: 55] - Starting DelightserverApplication using Java 15.0.1 on leviui-MacBookPro.local with PID 31255 (/Users/levi/Desktop/dev/workspace/projects/delightserver/build/classes/java/main started by levi in /Users/levi/Desktop/dev/workspace/projects/delightserver)
INFO  2021-08-03 14:58:16,064 [main] [SpringApplication :: logStartupProfileInfo :: 668] - The following profiles are active: local
INFO  2021-08-03 14:58:16,412 [main] [RepositoryConfigurationDelegate :: registerRepositoriesIn :: 128] - Bootstrapping Spring Data JPA repositories in DEFAULT mode.
INFO  2021-08-03 14:58:16,420 [main] [RepositoryConfigurationDelegate :: registerRepositoriesIn :: 188] - Finished Spring Data repository scanning in 3 ms. Found 0 JPA repository interfaces.
INFO  2021-08-03 14:58:16,704 [main] [TomcatWebServer :: initialize :: 108] - Tomcat initialized with port(s): 80 (http)
INFO  2021-08-03 14:58:16,709 [main] [DirectJDKLog :: log :: 173] - Initializing ProtocolHandler ["http-nio-80"]
INFO  2021-08-03 14:58:16,710 [main] [DirectJDKLog :: log :: 173] - Starting service [Tomcat]
INFO  2021-08-03 14:58:16,710 [main] [DirectJDKLog :: log :: 173] - Starting Servlet engine: [Apache Tomcat/9.0.48]
INFO  2021-08-03 14:58:16,771 [main] [DirectJDKLog :: log :: 173] - Initializing Spring embedded WebApplicationContext
INFO  2021-08-03 14:58:16,771 [main] [ServletWebServerApplicationContext :: prepareWebApplicationContext :: 289] - Root WebApplicationContext: initialization completed in 685 ms
INFO  2021-08-03 14:58:16,795 [main] [HikariDataSource :: getConnection :: 110] - HikariPool-1 - Starting...
INFO  2021-08-03 14:58:16,861 [main] [HikariDataSource :: getConnection :: 123] - HikariPool-1 - Start completed.
INFO  2021-08-03 14:58:16,865 [main] [H2ConsoleAutoConfiguration :: lambda$h2Console$0 :: 68] - H2 console available at '/h2-console'. Database available at 'jdbc:h2:mem:tesdb'
INFO  2021-08-03 14:58:16,918 [main] [LogHelper :: logPersistenceUnitInformation :: 31] - HHH000204: Processing PersistenceUnitInfo [name: default]
INFO  2021-08-03 14:58:16,940 [main] [Version :: logVersion :: 44] - HHH000412: Hibernate ORM core version 5.4.32.Final
INFO  2021-08-03 14:58:16,997 [main] [JavaReflectionManager :: <clinit> :: 56] - HCANN000001: Hibernate Commons Annotations {5.1.2.Final}
INFO  2021-08-03 14:58:17,052 [main] [Dialect :: <init> :: 175] - HHH000400: Using dialect: org.hibernate.dialect.H2Dialect
INFO  2021-08-03 14:58:17,173 [main] [JtaPlatformInitiator :: initiateService :: 52] - HHH000490: Using JtaPlatform implementation: [org.hibernate.engine.transaction.jta.platform.internal.NoJtaPlatform]
INFO  2021-08-03 14:58:17,178 [main] [AbstractEntityManagerFactoryBean :: buildNativeEntityManagerFactory :: 437] - Initialized JPA EntityManagerFactory for persistence unit 'default'
WARN  2021-08-03 14:58:17,218 [main] [JpaBaseConfiguration$JpaWebConfiguration :: openEntityManagerInViewInterceptor :: 221] - spring.jpa.open-in-view is enabled by default. Therefore, database queries may be performed during view rendering. Explicitly configure spring.jpa.open-in-view to disable this warning
INFO  2021-08-03 14:58:17,389 [main] [DirectJDKLog :: log :: 173] - Starting ProtocolHandler ["http-nio-80"]
INFO  2021-08-03 14:58:17,400 [main] [TomcatWebServer :: start :: 220] - Tomcat started on port(s): 80 (http) with context path ''
INFO  2021-08-03 14:58:17,408 [main] [StartupInfoLogger :: logStarted :: 61] - Started DelightserverApplication in 1.606 seconds (JVM running for 1.992)
INFO  2021-08-03 14:58:40,914 [SpringContextShutdownHook] [AbstractEntityManagerFactoryBean :: destroy :: 651] - Closing JPA EntityManagerFactory for persistence unit 'default'
INFO  2021-08-03 14:58:40,916 [SpringContextShutdownHook] [HikariDataSource :: close :: 350] - HikariPool-1 - Shutdown initiated...
INFO  2021-08-03 14:58:40,917 [SpringContextShutdownHook] [HikariDataSource :: close :: 352] - HikariPool-1 - Shutdown completed.
INFO  2021-08-03 14:58:42,537 [background-preinit] [Version :: <clinit> :: 21] - HV000001: Hibernate Validator 6.1.7.Final
INFO  2021-08-03 14:58:42,539 [main] [StartupInfoLogger :: logStarting :: 55] - Starting DelightserverApplication using Java 15.0.1 on leviui-MacBookPro.local with PID 31287 (/Users/levi/Desktop/dev/workspace/projects/delightserver/build/classes/java/main started by levi in /Users/levi/Desktop/dev/workspace/projects/delightserver)
INFO  2021-08-03 14:58:42,539 [main] [SpringApplication :: logStartupProfileInfo :: 668] - The following profiles are active: local
INFO  2021-08-03 14:58:42,903 [main] [RepositoryConfigurationDelegate :: registerRepositoriesIn :: 128] - Bootstrapping Spring Data JPA repositories in DEFAULT mode.
INFO  2021-08-03 14:58:42,912 [main] [RepositoryConfigurationDelegate :: registerRepositoriesIn :: 188] - Finished Spring Data repository scanning in 4 ms. Found 0 JPA repository interfaces.
INFO  2021-08-03 14:58:43,197 [main] [TomcatWebServer :: initialize :: 108] - Tomcat initialized with port(s): 80 (http)
INFO  2021-08-03 14:58:43,202 [main] [DirectJDKLog :: log :: 173] - Initializing ProtocolHandler ["http-nio-80"]
INFO  2021-08-03 14:58:43,202 [main] [DirectJDKLog :: log :: 173] - Starting service [Tomcat]
INFO  2021-08-03 14:58:43,203 [main] [DirectJDKLog :: log :: 173] - Starting Servlet engine: [Apache Tomcat/9.0.48]
INFO  2021-08-03 14:58:43,263 [main] [DirectJDKLog :: log :: 173] - Initializing Spring embedded WebApplicationContext
INFO  2021-08-03 14:58:43,264 [main] [ServletWebServerApplicationContext :: prepareWebApplicationContext :: 289] - Root WebApplicationContext: initialization completed in 701 ms
INFO  2021-08-03 14:58:43,288 [main] [HikariDataSource :: getConnection :: 110] - HikariPool-1 - Starting...
INFO  2021-08-03 14:58:43,354 [main] [HikariDataSource :: getConnection :: 123] - HikariPool-1 - Start completed.
INFO  2021-08-03 14:58:43,358 [main] [H2ConsoleAutoConfiguration :: lambda$h2Console$0 :: 68] - H2 console available at '/h2-console'. Database available at 'jdbc:h2:mem:tesdb'
INFO  2021-08-03 14:58:43,410 [main] [LogHelper :: logPersistenceUnitInformation :: 31] - HHH000204: Processing PersistenceUnitInfo [name: default]
INFO  2021-08-03 14:58:43,433 [main] [Version :: logVersion :: 44] - HHH000412: Hibernate ORM core version 5.4.32.Final
INFO  2021-08-03 14:58:43,490 [main] [JavaReflectionManager :: <clinit> :: 56] - HCANN000001: Hibernate Commons Annotations {5.1.2.Final}
INFO  2021-08-03 14:58:43,546 [main] [Dialect :: <init> :: 175] - HHH000400: Using dialect: org.hibernate.dialect.H2Dialect
INFO  2021-08-03 14:58:43,667 [main] [JtaPlatformInitiator :: initiateService :: 52] - HHH000490: Using JtaPlatform implementation: [org.hibernate.engine.transaction.jta.platform.internal.NoJtaPlatform]
INFO  2021-08-03 14:58:43,673 [main] [AbstractEntityManagerFactoryBean :: buildNativeEntityManagerFactory :: 437] - Initialized JPA EntityManagerFactory for persistence unit 'default'
WARN  2021-08-03 14:58:43,713 [main] [JpaBaseConfiguration$JpaWebConfiguration :: openEntityManagerInViewInterceptor :: 221] - spring.jpa.open-in-view is enabled by default. Therefore, database queries may be performed during view rendering. Explicitly configure spring.jpa.open-in-view to disable this warning
INFO  2021-08-03 14:58:43,887 [main] [DirectJDKLog :: log :: 173] - Starting ProtocolHandler ["http-nio-80"]
INFO  2021-08-03 14:58:43,898 [main] [TomcatWebServer :: start :: 220] - Tomcat started on port(s): 80 (http) with context path ''
INFO  2021-08-03 14:58:43,906 [main] [StartupInfoLogger :: logStarted :: 61] - Started DelightserverApplication in 1.617 seconds (JVM running for 1.984)
INFO  2021-08-03 14:58:56,057 [http-nio-80-exec-1] [DirectJDKLog :: log :: 173] - Initializing Spring DispatcherServlet 'dispatcherServlet'
INFO  2021-08-03 14:58:56,057 [http-nio-80-exec-1] [FrameworkServlet :: initServletBean :: 525] - Initializing Servlet 'dispatcherServlet'
INFO  2021-08-03 14:58:56,058 [http-nio-80-exec-1] [FrameworkServlet :: initServletBean :: 547] - Completed initialization in 1 ms
INFO  2021-08-03 14:58:56,111 [http-nio-80-exec-1] [ApiHelloController :: hello :: 17] - Start Ping Test Log
INFO  2021-08-03 14:59:10,976 [http-nio-80-exec-2] [ApiHelloController :: hello :: 17] - Start Ping Test Log
INFO  2021-08-03 14:59:11,795 [http-nio-80-exec-3] [ApiHelloController :: hello :: 17] - Start Ping Test Log
ERROR 2021-08-03 14:59:13,965 [http-nio-80-exec-4] [ApiHelloController :: error :: 23] - Error Log Test
